app/build/intermediates/manifest_merge_blame_file/debug/manifest-merger-blame-debug-report.txt
1<?xml version="1.0" encoding="utf-8"?>
2<manifest xmlns:android="http://schemas.android.com/apk/res/android"
3    package="com.example.lhm3d"
4    android:versionCode="1"
5    android:versionName="1.0" >
6
7    <uses-sdk
8        android:minSdkVersion="26"
9        android:targetSdkVersion="34" />
10
11    <uses-permission android:name="android.permission.INTERNET" />
11-->src/main/AndroidManifest.xml:5:5-67
11-->src/main/AndroidManifest.xml:5:22-64
12    <uses-permission android:name="android.permission.ACCESS_NETWORK_STATE" />
12-->src/main/AndroidManifest.xml:6:5-79
12-->src/main/AndroidManifest.xml:6:22-76
13    <uses-permission
13-->src/main/AndroidManifest.xml:7:5-107
14        android:name="android.permission.READ_EXTERNAL_STORAGE"
14-->src/main/AndroidManifest.xml:7:22-77
15        android:maxSdkVersion="32" />
15-->src/main/AndroidManifest.xml:7:78-104
16    <uses-permission android:name="android.permission.READ_MEDIA_IMAGES" />
16-->src/main/AndroidManifest.xml:8:5-76
16-->src/main/AndroidManifest.xml:8:22-73
17    <uses-permission android:name="android.permission.CAMERA" />
17-->src/main/AndroidManifest.xml:9:5-65
17-->src/main/AndroidManifest.xml:9:22-62
18
19    <uses-feature
19-->src/main/AndroidManifest.xml:10:5-85
20        android:name="android.hardware.camera"
20-->src/main/AndroidManifest.xml:10:19-57
21        android:required="false" />
21-->src/main/AndroidManifest.xml:10:58-82
22
23    <uses-permission android:name="com.android.vending.BILLING" />
23-->[com.android.billingclient:billing-ktx:6.0.1] AndroidManifest.xml:9:5-67
23-->[com.android.billingclient:billing-ktx:6.0.1] AndroidManifest.xml:9:22-64
24    <uses-permission android:name="android.permission.WAKE_LOCK" />
24-->[com.google.android.gms:play-services-measurement:21.5.0] AndroidManifest.xml:25:5-68
24-->[com.google.android.gms:play-services-measurement:21.5.0] AndroidManifest.xml:25:22-65
25    <uses-permission android:name="com.google.android.finsky.permission.BIND_GET_INSTALL_REFERRER_SERVICE" />
25-->[com.google.android.gms:play-services-measurement:21.5.0] AndroidManifest.xml:26:5-110
25-->[com.google.android.gms:play-services-measurement:21.5.0] AndroidManifest.xml:26:22-107
26    <uses-permission android:name="com.google.android.gms.permission.AD_ID" />
26-->[com.google.android.gms:play-services-measurement-impl:21.5.0] AndroidManifest.xml:27:5-79
26-->[com.google.android.gms:play-services-measurement-impl:21.5.0] AndroidManifest.xml:27:22-76
27    <uses-permission android:name="android.permission.ACCESS_ADSERVICES_ATTRIBUTION" />
27-->[com.google.android.gms:play-services-measurement-api:21.5.0] AndroidManifest.xml:26:5-88
27-->[com.google.android.gms:play-services-measurement-api:21.5.0] AndroidManifest.xml:26:22-85
28    <uses-permission android:name="android.permission.ACCESS_ADSERVICES_AD_ID" /> <!-- Required by older versions of Google Play services to create IID tokens -->
28-->[com.google.android.gms:play-services-measurement-api:21.5.0] AndroidManifest.xml:27:5-82
28-->[com.google.android.gms:play-services-measurement-api:21.5.0] AndroidManifest.xml:27:22-79
29    <uses-permission android:name="com.google.android.c2dm.permission.RECEIVE" />
29-->[com.google.firebase:firebase-iid:21.1.0] AndroidManifest.xml:26:5-82
29-->[com.google.firebase:firebase-iid:21.1.0] AndroidManifest.xml:26:22-79
30
31    <permission
31-->[androidx.core:core:1.12.0] AndroidManifest.xml:22:5-24:47
32        android:name="com.example.lhm3d.DYNAMIC_RECEIVER_NOT_EXPORTED_PERMISSION"
32-->[androidx.core:core:1.12.0] AndroidManifest.xml:23:9-81
33        android:protectionLevel="signature" />
33-->[androidx.core:core:1.12.0] AndroidManifest.xml:24:9-44
34
35    <uses-permission android:name="com.example.lhm3d.DYNAMIC_RECEIVER_NOT_EXPORTED_PERMISSION" />
35-->[androidx.core:core:1.12.0] AndroidManifest.xml:26:5-97
35-->[androidx.core:core:1.12.0] AndroidManifest.xml:26:22-94
36
37    <queries>
37-->[com.android.billingclient:billing:6.0.1] AndroidManifest.xml:12:5-16:15
38        <intent>
38-->[com.android.billingclient:billing:6.0.1] AndroidManifest.xml:13:9-15:18
39            <action android:name="com.android.vending.billing.InAppBillingService.BIND" />
39-->[com.android.billingclient:billing:6.0.1] AndroidManifest.xml:14:13-91
39-->[com.android.billingclient:billing:6.0.1] AndroidManifest.xml:14:21-88
40        </intent>
41    </queries>
42
43    <application
43-->src/main/AndroidManifest.xml:12:5-44:19
44        android:name="com.example.lhm3d.LhmApplication"
44-->src/main/AndroidManifest.xml:13:9-39
45        android:allowBackup="true"
45-->src/main/AndroidManifest.xml:14:9-35
46        android:appComponentFactory="androidx.core.app.CoreComponentFactory"
46-->[androidx.core:core:1.12.0] AndroidManifest.xml:28:18-86
47        android:dataExtractionRules="@xml/data_extraction_rules"
47-->src/main/AndroidManifest.xml:15:9-65
48        android:debuggable="true"
49        android:extractNativeLibs="false"
50        android:fullBackupContent="@xml/backup_rules"
50-->src/main/AndroidManifest.xml:16:9-54
51        android:icon="@mipmap/ic_launcher"
51-->src/main/AndroidManifest.xml:17:9-43
52        android:label="@string/app_name"
52-->src/main/AndroidManifest.xml:18:9-41
53        android:roundIcon="@mipmap/ic_launcher_round"
53-->src/main/AndroidManifest.xml:19:9-54
54        android:supportsRtl="true"
54-->src/main/AndroidManifest.xml:20:9-35
55        android:theme="@style/Theme.Lhm3d" >
55-->src/main/AndroidManifest.xml:21:9-43
56        <activity
56-->src/main/AndroidManifest.xml:24:9-32:20
57            android:name="com.example.lhm3d.MainActivity"
57-->src/main/AndroidManifest.xml:25:13-41
58            android:exported="true"
58-->src/main/AndroidManifest.xml:26:13-36
59            android:label="@string/app_name" >
59-->src/main/AndroidManifest.xml:27:13-45
60            <intent-filter>
60-->src/main/AndroidManifest.xml:28:13-31:29
61                <action android:name="android.intent.action.MAIN" />
61-->src/main/AndroidManifest.xml:29:17-69
61-->src/main/AndroidManifest.xml:29:25-66
62
63                <category android:name="android.intent.category.LAUNCHER" />
63-->src/main/AndroidManifest.xml:30:17-77
63-->src/main/AndroidManifest.xml:30:27-74
64            </intent-filter>
65        </activity>
66
67        <provider
68            android:name="androidx.core.content.FileProvider"
68-->src/main/AndroidManifest.xml:35:13-62
69            android:authorities="com.example.lhm3d.fileprovider"
69-->src/main/AndroidManifest.xml:36:13-64
70            android:exported="false"
70-->src/main/AndroidManifest.xml:37:13-37
71            android:grantUriPermissions="true" >
71-->src/main/AndroidManifest.xml:38:13-47
72            <meta-data
72-->src/main/AndroidManifest.xml:39:13-41:54
73                android:name="android.support.FILE_PROVIDER_PATHS"
73-->src/main/AndroidManifest.xml:40:17-67
74                android:resource="@xml/file_paths" />
74-->src/main/AndroidManifest.xml:41:17-51
75        </provider>
76        <provider
76-->[androidx.emoji2:emoji2:1.2.0] AndroidManifest.xml:24:9-32:20
77            android:name="androidx.startup.InitializationProvider"
77-->[androidx.emoji2:emoji2:1.2.0] AndroidManifest.xml:25:13-67
78            android:authorities="com.example.lhm3d.androidx-startup"
78-->[androidx.emoji2:emoji2:1.2.0] AndroidManifest.xml:26:13-68
79            android:exported="false" >
79-->[androidx.emoji2:emoji2:1.2.0] AndroidManifest.xml:27:13-37
80            <meta-data
80-->[androidx.emoji2:emoji2:1.2.0] AndroidManifest.xml:29:13-31:52
81                android:name="androidx.emoji2.text.EmojiCompatInitializer"
81-->[androidx.emoji2:emoji2:1.2.0] AndroidManifest.xml:30:17-75
82                android:value="androidx.startup" />
82-->[androidx.emoji2:emoji2:1.2.0] AndroidManifest.xml:31:17-49
83            <meta-data
83-->[androidx.lifecycle:lifecycle-process:2.6.2] AndroidManifest.xml:29:13-31:52
84                android:name="androidx.lifecycle.ProcessLifecycleInitializer"
84-->[androidx.lifecycle:lifecycle-process:2.6.2] AndroidManifest.xml:30:17-78
85                android:value="androidx.startup" />
85-->[androidx.lifecycle:lifecycle-process:2.6.2] AndroidManifest.xml:31:17-49
86            <meta-data
86-->[androidx.profileinstaller:profileinstaller:1.3.0] AndroidManifest.xml:29:13-31:52
87                android:name="androidx.profileinstaller.ProfileInstallerInitializer"
87-->[androidx.profileinstaller:profileinstaller:1.3.0] AndroidManifest.xml:30:17-85
88                android:value="androidx.startup" />
88-->[androidx.profileinstaller:profileinstaller:1.3.0] AndroidManifest.xml:31:17-49
89        </provider>
90
91        <activity
91-->[com.google.android.gms:play-services-auth:20.7.0] AndroidManifest.xml:23:9-27:75
92            android:name="com.google.android.gms.auth.api.signin.internal.SignInHubActivity"
92-->[com.google.android.gms:play-services-auth:20.7.0] AndroidManifest.xml:24:13-93
93            android:excludeFromRecents="true"
93-->[com.google.android.gms:play-services-auth:20.7.0] AndroidManifest.xml:25:13-46
94            android:exported="false"
94-->[com.google.android.gms:play-services-auth:20.7.0] AndroidManifest.xml:26:13-37
95            android:theme="@android:style/Theme.Translucent.NoTitleBar" />
95-->[com.google.android.gms:play-services-auth:20.7.0] AndroidManifest.xml:27:13-72
96        <!--
97            Service handling Google Sign-In user revocation. For apps that do not integrate with
98            Google Sign-In, this service will never be started.
99        -->
100        <service
100-->[com.google.android.gms:play-services-auth:20.7.0] AndroidManifest.xml:33:9-37:51
101            android:name="com.google.android.gms.auth.api.signin.RevocationBoundService"
101-->[com.google.android.gms:play-services-auth:20.7.0] AndroidManifest.xml:34:13-89
102            android:exported="true"
102-->[com.google.android.gms:play-services-auth:20.7.0] AndroidManifest.xml:35:13-36
103            android:permission="com.google.android.gms.auth.api.signin.permission.REVOCATION_NOTIFICATION"
103-->[com.google.android.gms:play-services-auth:20.7.0] AndroidManifest.xml:36:13-107
104            android:visibleToInstantApps="true" />
104-->[com.google.android.gms:play-services-auth:20.7.0] AndroidManifest.xml:37:13-48
105
106        <activity
106-->[com.google.firebase:firebase-auth:22.3.0] AndroidManifest.xml:29:9-46:20
107            android:name="com.google.firebase.auth.internal.GenericIdpActivity"
107-->[com.google.firebase:firebase-auth:22.3.0] AndroidManifest.xml:30:13-80
108            android:excludeFromRecents="true"
108-->[com.google.firebase:firebase-auth:22.3.0] AndroidManifest.xml:31:13-46
109            android:exported="true"
109-->[com.google.firebase:firebase-auth:22.3.0] AndroidManifest.xml:32:13-36
110            android:launchMode="singleTask"
110-->[com.google.firebase:firebase-auth:22.3.0] AndroidManifest.xml:33:13-44
111            android:theme="@android:style/Theme.Translucent.NoTitleBar" >
111-->[com.google.firebase:firebase-auth:22.3.0] AndroidManifest.xml:34:13-72
112            <intent-filter>
112-->[com.google.firebase:firebase-auth:22.3.0] AndroidManifest.xml:35:13-45:29
113                <action android:name="android.intent.action.VIEW" />
113-->[com.google.firebase:firebase-auth:22.3.0] AndroidManifest.xml:36:17-69
113-->[com.google.firebase:firebase-auth:22.3.0] AndroidManifest.xml:36:25-66
114
115                <category android:name="android.intent.category.DEFAULT" />
115-->[com.google.firebase:firebase-auth:22.3.0] AndroidManifest.xml:38:17-76
115-->[com.google.firebase:firebase-auth:22.3.0] AndroidManifest.xml:38:27-73
116                <category android:name="android.intent.category.BROWSABLE" />
116-->[com.google.firebase:firebase-auth:22.3.0] AndroidManifest.xml:39:17-78
116-->[com.google.firebase:firebase-auth:22.3.0] AndroidManifest.xml:39:27-75
117
118                <data
118-->[com.google.firebase:firebase-auth:22.3.0] AndroidManifest.xml:41:17-44:51
119                    android:host="firebase.auth"
119-->[com.google.firebase:firebase-auth:22.3.0] AndroidManifest.xml:42:21-49
120                    android:path="/"
120-->[com.google.firebase:firebase-auth:22.3.0] AndroidManifest.xml:43:21-37
121                    android:scheme="genericidp" />
121-->[com.google.firebase:firebase-auth:22.3.0] AndroidManifest.xml:44:21-48
122            </intent-filter>
123        </activity>
124        <activity
124-->[com.google.firebase:firebase-auth:22.3.0] AndroidManifest.xml:47:9-64:20
125            android:name="com.google.firebase.auth.internal.RecaptchaActivity"
125-->[com.google.firebase:firebase-auth:22.3.0] AndroidManifest.xml:48:13-79
126            android:excludeFromRecents="true"
126-->[com.google.firebase:firebase-auth:22.3.0] AndroidManifest.xml:49:13-46
127            android:exported="true"
127-->[com.google.firebase:firebase-auth:22.3.0] AndroidManifest.xml:50:13-36
128            android:launchMode="singleTask"
128-->[com.google.firebase:firebase-auth:22.3.0] AndroidManifest.xml:51:13-44
129            android:theme="@android:style/Theme.Translucent.NoTitleBar" >
129-->[com.google.firebase:firebase-auth:22.3.0] AndroidManifest.xml:52:13-72
130            <intent-filter>
130-->[com.google.firebase:firebase-auth:22.3.0] AndroidManifest.xml:53:13-63:29
131                <action android:name="android.intent.action.VIEW" />
131-->[com.google.firebase:firebase-auth:22.3.0] AndroidManifest.xml:36:17-69
131-->[com.google.firebase:firebase-auth:22.3.0] AndroidManifest.xml:36:25-66
132
133                <category android:name="android.intent.category.DEFAULT" />
133-->[com.google.firebase:firebase-auth:22.3.0] AndroidManifest.xml:38:17-76
133-->[com.google.firebase:firebase-auth:22.3.0] AndroidManifest.xml:38:27-73
134                <category android:name="android.intent.category.BROWSABLE" />
134-->[com.google.firebase:firebase-auth:22.3.0] AndroidManifest.xml:39:17-78
134-->[com.google.firebase:firebase-auth:22.3.0] AndroidManifest.xml:39:27-75
135
136                <data
136-->[com.google.firebase:firebase-auth:22.3.0] AndroidManifest.xml:41:17-44:51
137                    android:host="firebase.auth"
137-->[com.google.firebase:firebase-auth:22.3.0] AndroidManifest.xml:42:21-49
138                    android:path="/"
138-->[com.google.firebase:firebase-auth:22.3.0] AndroidManifest.xml:43:21-37
139                    android:scheme="recaptcha" />
139-->[com.google.firebase:firebase-auth:22.3.0] AndroidManifest.xml:44:21-48
140            </intent-filter>
141        </activity>
142
143        <service
143-->[com.google.firebase:firebase-auth:22.3.0] AndroidManifest.xml:66:9-72:19
144            android:name="com.google.firebase.components.ComponentDiscoveryService"
144-->[com.google.firebase:firebase-auth:22.3.0] AndroidManifest.xml:67:13-84
145            android:directBootAware="true"
145-->[com.google.firebase:firebase-common:20.4.2] AndroidManifest.xml:32:13-43
146            android:exported="false" >
146-->[com.google.firebase:firebase-auth:22.3.0] AndroidManifest.xml:68:13-37
147            <meta-data
147-->[com.google.firebase:firebase-auth:22.3.0] AndroidManifest.xml:69:13-71:85
148                android:name="com.google.firebase.components:com.google.firebase.auth.FirebaseAuthRegistrar"
148-->[com.google.firebase:firebase-auth:22.3.0] AndroidManifest.xml:70:17-109
149                android:value="com.google.firebase.components.ComponentRegistrar" />
149-->[com.google.firebase:firebase-auth:22.3.0] AndroidManifest.xml:71:17-82
150            <meta-data
150-->[com.google.firebase:firebase-functions:20.4.0] AndroidManifest.xml:15:13-17:85
151                android:name="com.google.firebase.components:com.google.firebase.functions.FirebaseFunctionsKtxRegistrar"
151-->[com.google.firebase:firebase-functions:20.4.0] AndroidManifest.xml:16:17-122
152                android:value="com.google.firebase.components.ComponentRegistrar" />
152-->[com.google.firebase:firebase-functions:20.4.0] AndroidManifest.xml:17:17-82
153            <meta-data
153-->[com.google.firebase:firebase-functions:20.4.0] AndroidManifest.xml:18:13-20:85
154                android:name="com.google.firebase.components:com.google.firebase.functions.FunctionsRegistrar"
154-->[com.google.firebase:firebase-functions:20.4.0] AndroidManifest.xml:19:17-111
155                android:value="com.google.firebase.components.ComponentRegistrar" />
155-->[com.google.firebase:firebase-functions:20.4.0] AndroidManifest.xml:20:17-82
156            <meta-data
156-->[com.google.firebase:firebase-firestore:24.10.0] AndroidManifest.xml:17:13-19:85
157                android:name="com.google.firebase.components:com.google.firebase.firestore.FirebaseFirestoreKtxRegistrar"
157-->[com.google.firebase:firebase-firestore:24.10.0] AndroidManifest.xml:18:17-122
158                android:value="com.google.firebase.components.ComponentRegistrar" />
158-->[com.google.firebase:firebase-firestore:24.10.0] AndroidManifest.xml:19:17-82
159            <meta-data
159-->[com.google.firebase:firebase-firestore:24.10.0] AndroidManifest.xml:20:13-22:85
160                android:name="com.google.firebase.components:com.google.firebase.firestore.FirestoreRegistrar"
160-->[com.google.firebase:firebase-firestore:24.10.0] AndroidManifest.xml:21:17-111
161                android:value="com.google.firebase.components.ComponentRegistrar" />
161-->[com.google.firebase:firebase-firestore:24.10.0] AndroidManifest.xml:22:17-82
162            <meta-data
162-->[com.google.firebase:firebase-storage:20.3.0] AndroidManifest.xml:30:13-32:85
163                android:name="com.google.firebase.components:com.google.firebase.storage.FirebaseStorageKtxRegistrar"
163-->[com.google.firebase:firebase-storage:20.3.0] AndroidManifest.xml:31:17-118
164                android:value="com.google.firebase.components.ComponentRegistrar" />
164-->[com.google.firebase:firebase-storage:20.3.0] AndroidManifest.xml:32:17-82
165            <meta-data
165-->[com.google.firebase:firebase-storage:20.3.0] AndroidManifest.xml:33:13-35:85
166                android:name="com.google.firebase.components:com.google.firebase.storage.StorageRegistrar"
166-->[com.google.firebase:firebase-storage:20.3.0] AndroidManifest.xml:34:17-107
167                android:value="com.google.firebase.components.ComponentRegistrar" />
167-->[com.google.firebase:firebase-storage:20.3.0] AndroidManifest.xml:35:17-82
168            <meta-data
168-->[com.google.firebase:firebase-appcheck:17.1.1] AndroidManifest.xml:25:13-27:85
169                android:name="com.google.firebase.components:com.google.firebase.appcheck.FirebaseAppCheckKtxRegistrar"
169-->[com.google.firebase:firebase-appcheck:17.1.1] AndroidManifest.xml:26:17-120
170                android:value="com.google.firebase.components.ComponentRegistrar" />
170-->[com.google.firebase:firebase-appcheck:17.1.1] AndroidManifest.xml:27:17-82
171            <meta-data
171-->[com.google.firebase:firebase-appcheck:17.1.1] AndroidManifest.xml:28:13-30:85
172                android:name="com.google.firebase.components:com.google.firebase.appcheck.FirebaseAppCheckRegistrar"
172-->[com.google.firebase:firebase-appcheck:17.1.1] AndroidManifest.xml:29:17-117
173                android:value="com.google.firebase.components.ComponentRegistrar" />
173-->[com.google.firebase:firebase-appcheck:17.1.1] AndroidManifest.xml:30:17-82
174            <meta-data
174-->[com.google.android.gms:play-services-measurement-api:21.5.0] AndroidManifest.xml:37:13-39:85
175                android:name="com.google.firebase.components:com.google.firebase.analytics.connector.internal.AnalyticsConnectorRegistrar"
175-->[com.google.android.gms:play-services-measurement-api:21.5.0] AndroidManifest.xml:38:17-139
176                android:value="com.google.firebase.components.ComponentRegistrar" />
176-->[com.google.android.gms:play-services-measurement-api:21.5.0] AndroidManifest.xml:39:17-82
177            <meta-data
177-->[com.google.firebase:firebase-iid:21.1.0] AndroidManifest.xml:32:13-34:85
178                android:name="com.google.firebase.components:com.google.firebase.iid.Registrar"
178-->[com.google.firebase:firebase-iid:21.1.0] AndroidManifest.xml:33:17-96
179                android:value="com.google.firebase.components.ComponentRegistrar" />
179-->[com.google.firebase:firebase-iid:21.1.0] AndroidManifest.xml:34:17-82
180            <meta-data
180-->[com.google.firebase:firebase-installations:17.2.0] AndroidManifest.xml:15:13-17:85
181                android:name="com.google.firebase.components:com.google.firebase.installations.FirebaseInstallationsKtxRegistrar"
181-->[com.google.firebase:firebase-installations:17.2.0] AndroidManifest.xml:16:17-130
182                android:value="com.google.firebase.components.ComponentRegistrar" />
182-->[com.google.firebase:firebase-installations:17.2.0] AndroidManifest.xml:17:17-82
183            <meta-data
183-->[com.google.firebase:firebase-installations:17.2.0] AndroidManifest.xml:18:13-20:85
184                android:name="com.google.firebase.components:com.google.firebase.installations.FirebaseInstallationsRegistrar"
184-->[com.google.firebase:firebase-installations:17.2.0] AndroidManifest.xml:19:17-127
185                android:value="com.google.firebase.components.ComponentRegistrar" />
185-->[com.google.firebase:firebase-installations:17.2.0] AndroidManifest.xml:20:17-82
186            <meta-data
186-->[com.google.firebase:firebase-common-ktx:20.4.2] AndroidManifest.xml:12:13-14:85
187                android:name="com.google.firebase.components:com.google.firebase.ktx.FirebaseCommonLegacyRegistrar"
187-->[com.google.firebase:firebase-common-ktx:20.4.2] AndroidManifest.xml:13:17-116
188                android:value="com.google.firebase.components.ComponentRegistrar" />
188-->[com.google.firebase:firebase-common-ktx:20.4.2] AndroidManifest.xml:14:17-82
189            <meta-data
189-->[com.google.firebase:firebase-common:20.4.2] AndroidManifest.xml:35:13-37:85
190                android:name="com.google.firebase.components:com.google.firebase.FirebaseCommonKtxRegistrar"
190-->[com.google.firebase:firebase-common:20.4.2] AndroidManifest.xml:36:17-109
191                android:value="com.google.firebase.components.ComponentRegistrar" />
191-->[com.google.firebase:firebase-common:20.4.2] AndroidManifest.xml:37:17-82
192        </service>
193
194        <activity
194-->[com.google.android.gms:play-services-base:18.1.0] AndroidManifest.xml:20:9-22:45
195            android:name="com.google.android.gms.common.api.GoogleApiActivity"
195-->[com.google.android.gms:play-services-base:18.1.0] AndroidManifest.xml:20:19-85
196            android:exported="false"
196-->[com.google.android.gms:play-services-base:18.1.0] AndroidManifest.xml:22:19-43
197            android:theme="@android:style/Theme.Translucent.NoTitleBar" />
197-->[com.google.android.gms:play-services-base:18.1.0] AndroidManifest.xml:21:19-78
198
199        <receiver
199-->[com.google.android.gms:play-services-measurement:21.5.0] AndroidManifest.xml:29:9-33:20
200            android:name="com.google.android.gms.measurement.AppMeasurementReceiver"
200-->[com.google.android.gms:play-services-measurement:21.5.0] AndroidManifest.xml:30:13-85
201            android:enabled="true"
201-->[com.google.android.gms:play-services-measurement:21.5.0] AndroidManifest.xml:31:13-35
202            android:exported="false" >
202-->[com.google.android.gms:play-services-measurement:21.5.0] AndroidManifest.xml:32:13-37
203        </receiver>
204
205        <service
205-->[com.google.android.gms:play-services-measurement:21.5.0] AndroidManifest.xml:35:9-38:40
206            android:name="com.google.android.gms.measurement.AppMeasurementService"
206-->[com.google.android.gms:play-services-measurement:21.5.0] AndroidManifest.xml:36:13-84
207            android:enabled="true"
207-->[com.google.android.gms:play-services-measurement:21.5.0] AndroidManifest.xml:37:13-35
208            android:exported="false" />
208-->[com.google.android.gms:play-services-measurement:21.5.0] AndroidManifest.xml:38:13-37
209        <service
209-->[com.google.android.gms:play-services-measurement:21.5.0] AndroidManifest.xml:39:9-43:72
210            android:name="com.google.android.gms.measurement.AppMeasurementJobService"
210-->[com.google.android.gms:play-services-measurement:21.5.0] AndroidManifest.xml:40:13-87
211            android:enabled="true"
211-->[com.google.android.gms:play-services-measurement:21.5.0] AndroidManifest.xml:41:13-35
212            android:exported="false"
212-->[com.google.android.gms:play-services-measurement:21.5.0] AndroidManifest.xml:42:13-37
213            android:permission="android.permission.BIND_JOB_SERVICE" />
213-->[com.google.android.gms:play-services-measurement:21.5.0] AndroidManifest.xml:43:13-69
214
215        <uses-library
215-->[androidx.privacysandbox.ads:ads-adservices:1.0.0-beta05] AndroidManifest.xml:23:9-25:40
216            android:name="android.ext.adservices"
216-->[androidx.privacysandbox.ads:ads-adservices:1.0.0-beta05] AndroidManifest.xml:24:13-50
217            android:required="false" />
217-->[androidx.privacysandbox.ads:ads-adservices:1.0.0-beta05] AndroidManifest.xml:25:13-37
218
219        <property
219-->[com.google.android.gms:play-services-measurement-api:21.5.0] AndroidManifest.xml:30:9-32:61
220            android:name="android.adservices.AD_SERVICES_CONFIG"
220-->[com.google.android.gms:play-services-measurement-api:21.5.0] AndroidManifest.xml:31:13-65
221            android:resource="@xml/ga_ad_services_config" />
221-->[com.google.android.gms:play-services-measurement-api:21.5.0] AndroidManifest.xml:32:13-58
222
223        <provider
223-->[com.google.firebase:firebase-common:20.4.2] AndroidManifest.xml:23:9-28:39
224            android:name="com.google.firebase.provider.FirebaseInitProvider"
224-->[com.google.firebase:firebase-common:20.4.2] AndroidManifest.xml:24:13-77
225            android:authorities="com.example.lhm3d.firebaseinitprovider"
225-->[com.google.firebase:firebase-common:20.4.2] AndroidManifest.xml:25:13-72
226            android:directBootAware="true"
226-->[com.google.firebase:firebase-common:20.4.2] AndroidManifest.xml:26:13-43
227            android:exported="false"
227-->[com.google.firebase:firebase-common:20.4.2] AndroidManifest.xml:27:13-37
228            android:initOrder="100" />
228-->[com.google.firebase:firebase-common:20.4.2] AndroidManifest.xml:28:13-36
229
230        <meta-data
230-->[com.google.android.gms:play-services-basement:18.2.0] AndroidManifest.xml:21:9-23:69
231            android:name="com.google.android.gms.version"
231-->[com.google.android.gms:play-services-basement:18.2.0] AndroidManifest.xml:22:13-58
232            android:value="@integer/google_play_services_version" />
232-->[com.google.android.gms:play-services-basement:18.2.0] AndroidManifest.xml:23:13-66
233
234        <uses-library
234-->[androidx.window:window:1.0.0] AndroidManifest.xml:25:9-27:40
235            android:name="androidx.window.extensions"
235-->[androidx.window:window:1.0.0] AndroidManifest.xml:26:13-54
236            android:required="false" />
236-->[androidx.window:window:1.0.0] AndroidManifest.xml:27:13-37
237        <uses-library
237-->[androidx.window:window:1.0.0] AndroidManifest.xml:28:9-30:40
238            android:name="androidx.window.sidecar"
238-->[androidx.window:window:1.0.0] AndroidManifest.xml:29:13-51
239            android:required="false" />
239-->[androidx.window:window:1.0.0] AndroidManifest.xml:30:13-37
240
241        <meta-data
241-->[com.android.billingclient:billing:6.0.1] AndroidManifest.xml:19:9-21:37
242            android:name="com.google.android.play.billingclient.version"
242-->[com.android.billingclient:billing:6.0.1] AndroidManifest.xml:20:13-73
243            android:value="6.0.1" />
243-->[com.android.billingclient:billing:6.0.1] AndroidManifest.xml:21:13-34
244
245        <activity
245-->[com.android.billingclient:billing:6.0.1] AndroidManifest.xml:23:9-27:75
246            android:name="com.android.billingclient.api.ProxyBillingActivity"
246-->[com.android.billingclient:billing:6.0.1] AndroidManifest.xml:24:13-78
247            android:configChanges="keyboard|keyboardHidden|screenLayout|screenSize|orientation"
247-->[com.android.billingclient:billing:6.0.1] AndroidManifest.xml:25:13-96
248            android:exported="false"
248-->[com.android.billingclient:billing:6.0.1] AndroidManifest.xml:26:13-37
249            android:theme="@android:style/Theme.Translucent.NoTitleBar" />
249-->[com.android.billingclient:billing:6.0.1] AndroidManifest.xml:27:13-72
250
251        <service
251-->[com.google.android.datatransport:transport-backend-cct:3.1.8] AndroidManifest.xml:28:9-34:19
252            android:name="com.google.android.datatransport.runtime.backends.TransportBackendDiscovery"
252-->[com.google.android.datatransport:transport-backend-cct:3.1.8] AndroidManifest.xml:29:13-103
253            android:exported="false" >
253-->[com.google.android.datatransport:transport-backend-cct:3.1.8] AndroidManifest.xml:30:13-37
254            <meta-data
254-->[com.google.android.datatransport:transport-backend-cct:3.1.8] AndroidManifest.xml:31:13-33:39
255                android:name="backend:com.google.android.datatransport.cct.CctBackendFactory"
255-->[com.google.android.datatransport:transport-backend-cct:3.1.8] AndroidManifest.xml:32:17-94
256                android:value="cct" />
256-->[com.google.android.datatransport:transport-backend-cct:3.1.8] AndroidManifest.xml:33:17-36
257        </service>
258        <service
258-->[com.google.android.datatransport:transport-runtime:3.1.8] AndroidManifest.xml:26:9-30:19
259            android:name="com.google.android.datatransport.runtime.scheduling.jobscheduling.JobInfoSchedulerService"